[debug] [2025-08-29T17:27:23.259Z] ----------------------------------------------------------------------
[debug] [2025-08-29T17:27:23.282Z] Command:       C:\nvm4w\nodejs\node.exe C:\Users\WIN-10\AppData\Roaming\npm\node_modules\firebase-tools\lib\bin\firebase.js init
[debug] [2025-08-29T17:27:23.282Z] CLI Version:   14.15.1
[debug] [2025-08-29T17:27:23.283Z] Platform:      win32
[debug] [2025-08-29T17:27:23.283Z] Node Version:  v22.12.0
[debug] [2025-08-29T17:27:23.285Z] Time:          Fri Aug 29 2025 23:27:23 GMT+0600 (Bangladesh Standard Time)
[debug] [2025-08-29T17:27:23.285Z] ----------------------------------------------------------------------
[debug] 
[debug] [2025-08-29T17:27:23.292Z] >>> [apiv2][query] GET https://firebase-public.firebaseio.com/cli.json [none]
[debug] [2025-08-29T17:27:23.959Z] > command requires scopes: ["email","openid","https://www.googleapis.com/auth/cloudplatformprojects.readonly","https://www.googleapis.com/auth/firebase","https://www.googleapis.com/auth/cloud-platform"]
[debug] [2025-08-29T17:27:23.959Z] > authorizing via signed-in user (cristianou951@gmail.com)
[info] 
     ######## #### ########  ######## ########     ###     ######  ########
     ##        ##  ##     ## ##       ##     ##  ##   ##  ##       ##
     ######    ##  ########  ######   ########  #########  ######  ######
     ##        ##  ##    ##  ##       ##     ## ##     ##       ## ##
     ##       #### ##     ## ######## ########  ##     ##  ######  ########

You're about to initialize a Firebase project in this directory:

  H:\Bolt AI\TRD Network\CashPoints

Before we get started, keep in mind:

  * You are initializing within an existing Firebase project directory

[debug] [2025-08-29T17:27:24.624Z] <<< [apiv2][status] GET https://firebase-public.firebaseio.com/cli.json 200
[debug] [2025-08-29T17:27:24.624Z] <<< [apiv2][body] GET https://firebase-public.firebaseio.com/cli.json {"cloudBuildErrorAfter":1594252800000,"cloudBuildWarnAfter":1590019200000,"defaultNode10After":1594252800000,"minVersion":"3.0.5","node8DeploysDisabledAfter":1613390400000,"node8RuntimeDisabledAfter":1615809600000,"node8WarnAfter":1600128000000}
[debug] [2025-08-29T17:29:38.244Z] ExitPromptError: User force closed the prompt with SIGINT
    at Interface.sigint (C:\Users\WIN-10\AppData\Roaming\npm\node_modules\firebase-tools\node_modules\@inquirer\core\dist\commonjs\lib\create-prompt.js:101:37)
    at Interface.emit (node:events:524:28)
    at Interface.emit (node:domain:489:12)
    at [_ttyWrite] [as _ttyWrite] (node:internal/readline/interface:1124:18)
    at ReadStream.onkeypress (node:internal/readline/interface:263:20)
    at ReadStream.emit (node:events:536:35)
    at ReadStream.emit (node:domain:489:12)
    at emitKeys (node:internal/readline/utils:370:14)
    at emitKeys.next (<anonymous>)
    at ReadStream.onData (node:internal/readline/emitKeypressEvents:64:36)
[error] 
[error] Error: An unexpected error has occurred.
